<?xml version="1.0" encoding="UTF-8"?>
<!-- Generated by org.testng.reporters.JUnitReportReporter -->
<testsuite hostname="jayesh-HP-Notebook" failures="0" tests="2" name="tests.FormTest" time="4.393" errors="0" timestamp="2025-05-10T15:14:17 IST" skipped="0">
  <testcase classname="tests.FormTest" name="submitFormTest" time="3.322"/>
  <testcase classname="tests.FormTest" name="submitFormTest" time="1.071"/>
</testsuite> <!-- tests.FormTest -->
