<?xml version="1.0" encoding="UTF-8"?>
<!-- Generated by org.testng.reporters.JUnitReportReporter -->
<testsuite hostname="jayesh-HP-Notebook" failures="0" tests="2" name="tests.FormTest" time="6.816" errors="0" timestamp="2025-05-10T16:12:07 IST" skipped="0">
  <testcase classname="tests.FormTest" name="submitFormTest" time="5.333"/>
  <testcase classname="tests.FormTest" name="submitFormTest" time="1.483"/>
</testsuite> <!-- tests.FormTest -->
